<?xml version="1.0" encoding="UTF-8"?>
<testsuites name="Mocha Tests" time="0.036000000000000004" tests="2" failures="0">
  <testsuite name="Root Suite" timestamp="2017-11-10T11:20:54" tests="0" failures="0" time="0">
  </testsuite>
  <testsuite name="Test 1" timestamp="2017-11-10T11:20:54" tests="2" file="D:\nodemicroservices\temp\nodejenkinssample\post_deploy_test\test.js" failures="0" time="0.036000000000000004">
    <testcase name="Test 1 Check Company Api Status Code 200" time="0.029" classname="Check Company Api Status Code 200">
    </testcase>
    <testcase name="Test 1 Check User Api Status Code 200" time="0.007" classname="Check User Api Status Code 200">
    </testcase>
  </testsuite>
</testsuites>